<?xml version="1.0" encoding="UTF-8"?>
<testng-results ignored="0" total="2" passed="2" failed="0" skipped="0">
  <reporter-output>
  </reporter-output>
  <suite started-at="2023-10-31T13:27:08 IST" name="Default suite" finished-at="2023-10-31T13:27:08 IST" duration-ms="136">
    <groups>
    </groups>
    <test started-at="2023-10-31T13:27:08 IST" name="Default test" finished-at="2023-10-31T13:27:08 IST" duration-ms="136">
      <class name="com.maven.Apptest">
        <test-method signature="testlogin1()[pri:0, instance:com.maven.Apptest@48fa0f47]" started-at="2023-10-31T13:27:08 IST" name="testlogin1" finished-at="2023-10-31T13:27:08 IST" duration-ms="36" status="PASS">
          <reporter-output>
          </reporter-output>
        </test-method> <!-- testlogin1 -->
        <test-method signature="testlogin2()[pri:0, instance:com.maven.Apptest@48fa0f47]" started-at="2023-10-31T13:27:08 IST" name="testlogin2" finished-at="2023-10-31T13:27:08 IST" duration-ms="4" status="PASS">
          <reporter-output>
          </reporter-output>
        </test-method> <!-- testlogin2 -->
      </class> <!-- com.maven.Apptest -->
    </test> <!-- Default test -->
  </suite> <!-- Default suite -->
</testng-results>
